TN:
SF:src/app.ts
FNF:0
FNH:0
DA:1,1
DA:2,1
DA:3,1
DA:4,1
DA:5,1
DA:7,1
DA:8,1
DA:9,1
DA:11,1
DA:12,1
DA:14,1
LF:11
LH:11
BRF:0
BRH:0
end_of_record
TN:
SF:src/database.ts
FNF:0
FNH:0
DA:1,1
DA:3,1
DA:4,1
LF:3
LH:3
BRF:0
BRH:0
end_of_record
TN:
SF:src/controllers/recommendationController.ts
FN:6,insert
FN:17,upvote
FN:25,downvote
FN:33,random
FN:39,get
FN:44,getTop
FN:51,getById
FNF:7
FNH:6
FNDA:7,insert
FNDA:1,upvote
FNDA:7,downvote
FNDA:2,random
FNDA:1,get
FNDA:0,getTop
FNDA:1,getById
DA:2,1
DA:3,1
DA:4,1
DA:7,7
DA:8,7
DA:9,1
DA:12,6
DA:14,6
DA:18,1
DA:20,1
DA:22,1
DA:26,7
DA:28,7
DA:30,7
DA:34,2
DA:36,1
DA:40,1
DA:41,1
DA:45,0
DA:47,0
DA:48,0
DA:52,1
DA:54,1
DA:55,1
DA:58,1
LF:25
LH:22
BRDA:8,0,0,1
BRF:1
BRH:1
end_of_record
TN:
SF:src/middlewares/errorHandlerMiddleware.ts
FN:8,errorHandlerMiddleware
FNF:1
FNH:1
FNDA:2,errorHandlerMiddleware
DA:2,1
DA:8,1
DA:14,2
DA:16,2
DA:17,2
DA:20,0
LF:6
LH:5
BRDA:16,0,0,2
BRF:1
BRH:1
end_of_record
TN:
SF:src/repositories/recommendationRepository.ts
FN:5,create
FN:16,findAll
FN:26,getAmountByScore
FN:33,getFindAllFilter
FN:45,find
FN:51,findByName
FN:57,updateScore
FN:66,remove
FNF:8
FNH:7
FNDA:6,create
FNDA:4,findAll
FNDA:0,getAmountByScore
FNDA:4,getFindAllFilter
FNDA:9,find
FNDA:6,findByName
FNDA:8,updateScore
FNDA:1,remove
DA:2,1
DA:6,6
DA:17,4
DA:19,4
DA:27,0
DA:36,4
DA:38,2
DA:40,2
DA:46,9
DA:52,6
DA:58,8
DA:67,1
DA:72,1
LF:13
LH:12
BRDA:36,0,0,2
BRF:1
BRH:1
end_of_record
TN:
SF:src/routers/recommendationRouter.ts
FNF:0
FNH:0
DA:1,1
DA:2,1
DA:4,1
DA:6,1
DA:7,1
DA:8,1
DA:9,1
DA:10,1
DA:11,1
DA:12,1
DA:14,1
LF:11
LH:11
BRF:0
BRH:0
end_of_record
TN:
SF:src/schemas/recommendationsSchemas.ts
FNF:0
FNH:0
DA:1,1
DA:4,1
DA:6,1
LF:3
LH:3
BRF:0
BRH:0
end_of_record
TN:
SF:src/services/recommendationsService.ts
FN:7,insert
FN:17,upvote
FN:23,downvote
FN:36,getByIdOrFail
FN:43,get
FN:47,getTop
FN:51,getRandom
FN:64,getByScore
FN:77,getScoreFilter
FNF:9
FNH:8
FNDA:6,insert
FNDA:1,upvote
FNDA:7,downvote
FNDA:9,getByIdOrFail
FNDA:1,get
FNDA:0,getTop
FNDA:2,getRandom
FNDA:2,getByScore
FNDA:2,getScoreFilter
DA:2,1
DA:3,1
DA:8,6
DA:11,6
DA:12,0
DA:14,6
DA:18,1
DA:20,1
DA:24,7
DA:26,7
DA:31,7
DA:32,1
DA:37,9
DA:38,9
DA:40,9
DA:44,1
DA:48,0
DA:52,2
DA:53,2
DA:55,2
DA:56,2
DA:57,1
DA:60,1
DA:61,1
DA:65,2
DA:70,2
DA:71,1
DA:74,1
DA:78,2
DA:79,0
DA:82,2
DA:85,1
LF:32
LH:29
BRDA:11,0,0,0
BRDA:31,1,0,1
BRDA:38,2,0,0
BRDA:56,3,0,1
BRDA:70,4,0,1
BRDA:78,5,0,0
BRF:6
BRH:3
end_of_record
TN:
SF:src/utils/errorUtils.ts
FN:7,isAppError
FN:11,errorTypeToStatusCode
FN:19,conflictError
FN:23,notFoundError
FN:27,unauthorizedError
FN:31,wrongSchemaError
FNF:6
FNH:4
FNDA:2,isAppError
FNDA:2,errorTypeToStatusCode
FNDA:0,conflictError
FNDA:1,notFoundError
FNDA:0,unauthorizedError
FNDA:1,wrongSchemaError
DA:7,1
DA:8,2
DA:11,1
DA:12,2
DA:13,2
DA:14,1
DA:15,1
DA:16,0
DA:19,1
DA:20,0
DA:23,1
DA:24,1
DA:27,1
DA:28,0
DA:31,1
DA:32,1
LF:16
LH:13
BRDA:12,0,0,0
BRDA:13,1,0,1
BRDA:14,2,0,0
BRDA:15,3,0,1
BRDA:20,4,0,0
BRDA:20,4,1,0
BRDA:20,5,0,0
BRDA:20,5,1,0
BRDA:24,6,0,0
BRDA:24,6,1,1
BRDA:24,7,0,1
BRDA:24,7,1,1
BRDA:28,8,0,0
BRDA:28,8,1,0
BRDA:28,9,0,0
BRDA:28,9,1,0
BRDA:32,10,0,0
BRDA:32,10,1,1
BRDA:32,11,0,1
BRDA:32,11,1,1
BRF:20
BRH:8
end_of_record
TN:
SF:tests/factory/createRecomendationsFactory.ts
FN:4,createRandomRecomendation
FN:11,createRandomRecomendationAndPost
FN:19,createBadRecomendation
FN:26,getAllRecommendations
FN:33,scoreLessTen
FN:41,scoreGreaterTen
FNF:6
FNH:3
FNDA:6,createRandomRecomendation
FNDA:1,createRandomRecomendationAndPost
FNDA:1,createBadRecomendation
FNDA:0,getAllRecommendations
FNDA:0,scoreLessTen
FNDA:0,scoreGreaterTen
DA:1,1
DA:2,1
DA:5,6
DA:12,1
DA:16,1
DA:20,1
DA:27,0
DA:28,0
DA:29,0
DA:30,0
DA:34,0
DA:37,0
DA:38,0
DA:39,0
DA:42,0
DA:45,0
DA:46,0
DA:47,0
DA:50,1
LF:19
LH:7
BRF:0
BRH:0
end_of_record
TN:
SF:tests/factory/getDataRecomendation.ts
FN:7,getIdRecomendation
FN:16,getScoreRecomendation
FNF:2
FNH:2
FNDA:4,getIdRecomendation
FNDA:1,getScoreRecomendation
DA:1,1
DA:2,1
DA:3,1
DA:4,1
DA:5,1
DA:8,4
DA:9,4
DA:10,4
DA:13,4
DA:17,1
DA:18,1
DA:19,1
DA:22,1
DA:31,1
LF:14
LH:14
BRF:0
BRH:0
end_of_record
